<?xml version="1.0" encoding="UTF-8"?>
<!-- Generated by org.testng.reporters.JUnitReportReporter -->
<testsuite hostname="LAPTOP-JJ6NIKT4" failures="0" tests="1" name="testCase.Tc_002_logintest" time="7.714" errors="0" timestamp="2025-08-17T22:05:09 IST" skipped="0">
  <testcase classname="testCase.Tc_002_logintest" name="loginsuccesfull" time="7.714"/>
</testsuite> <!-- testCase.Tc_002_logintest -->
