<?xml version="1.0" encoding="UTF-8"?>
<!-- Generated by org.testng.reporters.JUnitReportReporter -->
<testsuite hostname="LAPTOP-JJ6NIKT4" failures="0" tests="1" name="testCase.Tc_001_Accountregistration" time="7.221" errors="0" timestamp="2025-08-11T17:14:44 IST" skipped="0">
  <testcase classname="testCase.Tc_001_Accountregistration" name="verify_account_registration" time="7.221"/>
</testsuite> <!-- testCase.Tc_001_Accountregistration -->
